  [1m[35m (324.8ms)[0m  [1m[35mCREATE DATABASE "cat-eshop_development" ENCODING = 'unicode'[0m
  ↳ bin/rails:9
  [1m[35m (116.6ms)[0m  [1m[35mCREATE DATABASE "cat-eshop_test" ENCODING = 'unicode'[0m
  ↳ bin/rails:9
  [1m[35m (66.1ms)[0m  [1m[35mCREATE TABLE "schema_migrations" ("version" character varying NOT NULL PRIMARY KEY)[0m
  ↳ bin/rails:9
  [1m[35m (7.2ms)[0m  [1m[35mCREATE TABLE "ar_internal_metadata" ("key" character varying NOT NULL PRIMARY KEY, "value" character varying, "created_at" timestamp NOT NULL, "updated_at" timestamp NOT NULL)[0m
  ↳ bin/rails:9
  [1m[35m (0.6ms)[0m  [1m[34mSELECT pg_try_advisory_lock(2938339854945098520)[0m
  ↳ bin/rails:9
  [1m[35m (0.4ms)[0m  [1m[34mSELECT "schema_migrations"."version" FROM "schema_migrations" ORDER BY "schema_migrations"."version" ASC[0m
  ↳ bin/rails:9
Migrating to CreateItems (20220607092202)
  [1m[35m (0.2ms)[0m  [1m[35mBEGIN[0m
  ↳ bin/rails:9
  [1m[35m (12.9ms)[0m  [1m[35mCREATE TABLE "items" ("id" bigserial primary key, "title" character varying, "description" text, "price" decimal, "image_url" character varying, "created_at" timestamp NOT NULL, "updated_at" timestamp NOT NULL)[0m
  ↳ db/migrate/20220607092202_create_items.rb:3
  [1m[36mActiveRecord::SchemaMigration Create (2.4ms)[0m  [1m[32mINSERT INTO "schema_migrations" ("version") VALUES ($1) RETURNING "version"[0m  [["version", "20220607092202"]]
  ↳ bin/rails:9
  [1m[35m (0.5ms)[0m  [1m[35mCOMMIT[0m
  ↳ bin/rails:9
  [1m[36mActiveRecord::InternalMetadata Load (0.8ms)[0m  [1m[34mSELECT  "ar_internal_metadata".* FROM "ar_internal_metadata" WHERE "ar_internal_metadata"."key" = $1 LIMIT $2[0m  [["key", "environment"], ["LIMIT", 1]]
  ↳ bin/rails:9
  [1m[35m (0.1ms)[0m  [1m[35mBEGIN[0m
  ↳ bin/rails:9
  [1m[36mActiveRecord::InternalMetadata Create (1.1ms)[0m  [1m[32mINSERT INTO "ar_internal_metadata" ("key", "value", "created_at", "updated_at") VALUES ($1, $2, $3, $4) RETURNING "key"[0m  [["key", "environment"], ["value", "development"], ["created_at", "2022-06-07 09:24:30.014397"], ["updated_at", "2022-06-07 09:24:30.014397"]]
  ↳ bin/rails:9
  [1m[35m (5.6ms)[0m  [1m[35mCOMMIT[0m
  ↳ bin/rails:9
  [1m[35m (0.3ms)[0m  [1m[34mSELECT pg_advisory_unlock(2938339854945098520)[0m
  ↳ bin/rails:9
  [1m[35m (0.3ms)[0m  [1m[34mSELECT "schema_migrations"."version" FROM "schema_migrations" ORDER BY "schema_migrations"."version" ASC[0m
  ↳ bin/rails:9
  [1m[35m (1.7ms)[0m  [1m[34mSELECT "schema_migrations"."version" FROM "schema_migrations" ORDER BY "schema_migrations"."version" ASC[0m
  ↳ bin/rails:9
  [1m[36mItem Load (8.2ms)[0m  [1m[34mSELECT "items".* FROM "items"[0m
  ↳ db/seeds.rb:12
  [1m[35m (0.3ms)[0m  [1m[35mBEGIN[0m
  ↳ db/seeds.rb:15
  [1m[36mItem Create (1.5ms)[0m  [1m[32mINSERT INTO "items" ("title", "description", "price", "image_url", "created_at", "updated_at") VALUES ($1, $2, $3, $4, $5, $6) RETURNING "id"[0m  [["title", "Captain Zissou"], ["description", "Emirates Feline Federation"], ["price", "17.67"], ["image_url", "https://source.unsplash.com/250x250/?kitten?sig=<%=rand(1..50)%>"], ["created_at", "2022-06-07 09:25:51.640737"], ["updated_at", "2022-06-07 09:25:51.640737"]]
  ↳ db/seeds.rb:15
  [1m[35m (7.4ms)[0m  [1m[35mCOMMIT[0m
  ↳ db/seeds.rb:15
  [1m[35m (0.1ms)[0m  [1m[35mBEGIN[0m
  ↳ db/seeds.rb:15
  [1m[36mItem Create (0.3ms)[0m  [1m[32mINSERT INTO "items" ("title", "description", "price", "image_url", "created_at", "updated_at") VALUES ($1, $2, $3, $4, $5, $6) RETURNING "id"[0m  [["title", "Max"], ["description", "Fancy Southern Africa Cat Council"], ["price", "27.21"], ["image_url", "https://source.unsplash.com/250x250/?kitten?sig=<%=rand(1..50)%>"], ["created_at", "2022-06-07 09:25:51.654578"], ["updated_at", "2022-06-07 09:25:51.654578"]]
  ↳ db/seeds.rb:15
  [1m[35m (0.7ms)[0m  [1m[35mCOMMIT[0m
  ↳ db/seeds.rb:15
  [1m[35m (0.9ms)[0m  [1m[35mBEGIN[0m
  ↳ db/seeds.rb:15
  [1m[36mItem Create (0.3ms)[0m  [1m[32mINSERT INTO "items" ("title", "description", "price", "image_url", "created_at", "updated_at") VALUES ($1, $2, $3, $4, $5, $6) RETURNING "id"[0m  [["title", "Alexander Hameowlton"], ["description", "Cat Fanciers' Association"], ["price", "26.67"], ["image_url", "https://source.unsplash.com/250x250/?kitten?sig=<%=rand(1..50)%>"], ["created_at", "2022-06-07 09:25:51.660662"], ["updated_at", "2022-06-07 09:25:51.660662"]]
  ↳ db/seeds.rb:15
  [1m[35m (0.6ms)[0m  [1m[35mCOMMIT[0m
  ↳ db/seeds.rb:15
  [1m[35m (0.1ms)[0m  [1m[35mBEGIN[0m
  ↳ db/seeds.rb:15
  [1m[36mItem Create (0.6ms)[0m  [1m[32mINSERT INTO "items" ("title", "description", "price", "image_url", "created_at", "updated_at") VALUES ($1, $2, $3, $4, $5, $6) RETURNING "id"[0m  [["title", "Alfie"], ["description", "American Cat Fanciers Association"], ["price", "67.99"], ["image_url", "https://source.unsplash.com/250x250/?kitten?sig=<%=rand(1..50)%>"], ["created_at", "2022-06-07 09:25:51.663649"], ["updated_at", "2022-06-07 09:25:51.663649"]]
  ↳ db/seeds.rb:15
  [1m[35m (0.4ms)[0m  [1m[35mCOMMIT[0m
  ↳ db/seeds.rb:15
  [1m[35m (0.1ms)[0m  [1m[35mBEGIN[0m
  ↳ db/seeds.rb:15
  [1m[36mItem Create (0.4ms)[0m  [1m[32mINSERT INTO "items" ("title", "description", "price", "image_url", "created_at", "updated_at") VALUES ($1, $2, $3, $4, $5, $6) RETURNING "id"[0m  [["title", "Poppy"], ["description", "Emirates Feline Federation"], ["price", "93.86"], ["image_url", "https://source.unsplash.com/250x250/?kitten?sig=<%=rand(1..50)%>"], ["created_at", "2022-06-07 09:25:51.666546"], ["updated_at", "2022-06-07 09:25:51.666546"]]
  ↳ db/seeds.rb:15
  [1m[35m (0.4ms)[0m  [1m[35mCOMMIT[0m
  ↳ db/seeds.rb:15
  [1m[35m (0.1ms)[0m  [1m[35mBEGIN[0m
  ↳ db/seeds.rb:15
  [1m[36mItem Create (0.7ms)[0m  [1m[32mINSERT INTO "items" ("title", "description", "price", "image_url", "created_at", "updated_at") VALUES ($1, $2, $3, $4, $5, $6) RETURNING "id"[0m  [["title", "Molly"], ["description", "Fédération Internationale Féline"], ["price", "63.18"], ["image_url", "https://source.unsplash.com/250x250/?kitten?sig=<%=rand(1..50)%>"], ["created_at", "2022-06-07 09:25:51.669502"], ["updated_at", "2022-06-07 09:25:51.669502"]]
  ↳ db/seeds.rb:15
  [1m[35m (0.5ms)[0m  [1m[35mCOMMIT[0m
  ↳ db/seeds.rb:15
  [1m[35m (1.2ms)[0m  [1m[35mBEGIN[0m
  ↳ db/seeds.rb:15
  [1m[36mItem Create (1.5ms)[0m  [1m[32mINSERT INTO "items" ("title", "description", "price", "image_url", "created_at", "updated_at") VALUES ($1, $2, $3, $4, $5, $6) RETURNING "id"[0m  [["title", "Captain Zissou"], ["description", "Governing Council of the Cat"], ["price", "12.79"], ["image_url", "https://source.unsplash.com/250x250/?kitten?sig=<%=rand(1..50)%>"], ["created_at", "2022-06-07 09:25:51.673616"], ["updated_at", "2022-06-07 09:25:51.673616"]]
  ↳ db/seeds.rb:15
  [1m[35m (0.7ms)[0m  [1m[35mCOMMIT[0m
  ↳ db/seeds.rb:15
  [1m[35m (2.2ms)[0m  [1m[35mBEGIN[0m
  ↳ db/seeds.rb:15
  [1m[36mItem Create (2.3ms)[0m  [1m[32mINSERT INTO "items" ("title", "description", "price", "image_url", "created_at", "updated_at") VALUES ($1, $2, $3, $4, $5, $6) RETURNING "id"[0m  [["title", "Millie"], ["description", "Cat Fanciers' Association"], ["price", "55.04"], ["image_url", "https://source.unsplash.com/250x250/?kitten?sig=<%=rand(1..50)%>"], ["created_at", "2022-06-07 09:25:51.680109"], ["updated_at", "2022-06-07 09:25:51.680109"]]
  ↳ db/seeds.rb:15
  [1m[35m (1.4ms)[0m  [1m[35mCOMMIT[0m
  ↳ db/seeds.rb:15
  [1m[35m (0.2ms)[0m  [1m[35mBEGIN[0m
  ↳ db/seeds.rb:15
  [1m[36mItem Create (0.3ms)[0m  [1m[32mINSERT INTO "items" ("title", "description", "price", "image_url", "created_at", "updated_at") VALUES ($1, $2, $3, $4, $5, $6) RETURNING "id"[0m  [["title", "Molly"], ["description", "Canadian Cat Association"], ["price", "80.53"], ["image_url", "https://source.unsplash.com/250x250/?kitten?sig=<%=rand(1..50)%>"], ["created_at", "2022-06-07 09:25:51.685955"], ["updated_at", "2022-06-07 09:25:51.685955"]]
  ↳ db/seeds.rb:15
  [1m[35m (0.6ms)[0m  [1m[35mCOMMIT[0m
  ↳ db/seeds.rb:15
  [1m[35m (0.1ms)[0m  [1m[35mBEGIN[0m
  ↳ db/seeds.rb:15
  [1m[36mItem Create (0.2ms)[0m  [1m[32mINSERT INTO "items" ("title", "description", "price", "image_url", "created_at", "updated_at") VALUES ($1, $2, $3, $4, $5, $6) RETURNING "id"[0m  [["title", "Captain Zissou"], ["description", "Governing Council of the Cat"], ["price", "90.07"], ["image_url", "https://source.unsplash.com/250x250/?kitten?sig=<%=rand(1..50)%>"], ["created_at", "2022-06-07 09:25:51.688733"], ["updated_at", "2022-06-07 09:25:51.688733"]]
  ↳ db/seeds.rb:15
  [1m[35m (1.0ms)[0m  [1m[35mCOMMIT[0m
  ↳ db/seeds.rb:15
  [1m[35m (0.2ms)[0m  [1m[35mBEGIN[0m
  ↳ db/seeds.rb:15
  [1m[36mItem Create (0.3ms)[0m  [1m[32mINSERT INTO "items" ("title", "description", "price", "image_url", "created_at", "updated_at") VALUES ($1, $2, $3, $4, $5, $6) RETURNING "id"[0m  [["title", "Cookie Hopper"], ["description", "Governing Council of the Cat"], ["price", "63.04"], ["image_url", "https://source.unsplash.com/250x250/?kitten?sig=<%=rand(1..50)%>"], ["created_at", "2022-06-07 09:25:51.693078"], ["updated_at", "2022-06-07 09:25:51.693078"]]
  ↳ db/seeds.rb:15
  [1m[35m (0.5ms)[0m  [1m[35mCOMMIT[0m
  ↳ db/seeds.rb:15
  [1m[35m (0.1ms)[0m  [1m[35mBEGIN[0m
  ↳ db/seeds.rb:15
  [1m[36mItem Create (0.2ms)[0m  [1m[32mINSERT INTO "items" ("title", "description", "price", "image_url", "created_at", "updated_at") VALUES ($1, $2, $3, $4, $5, $6) RETURNING "id"[0m  [["title", "Franklin Longfellow"], ["description", "Cat Fanciers' Association"], ["price", "91.01"], ["image_url", "https://source.unsplash.com/250x250/?kitten?sig=<%=rand(1..50)%>"], ["created_at", "2022-06-07 09:25:51.695885"], ["updated_at", "2022-06-07 09:25:51.695885"]]
  ↳ db/seeds.rb:15
  [1m[35m (0.7ms)[0m  [1m[35mCOMMIT[0m
  ↳ db/seeds.rb:15
  [1m[35m (0.4ms)[0m  [1m[35mBEGIN[0m
  ↳ db/seeds.rb:15
  [1m[36mItem Create (0.4ms)[0m  [1m[32mINSERT INTO "items" ("title", "description", "price", "image_url", "created_at", "updated_at") VALUES ($1, $2, $3, $4, $5, $6) RETURNING "id"[0m  [["title", "Shadow"], ["description", "Fédération Internationale Féline"], ["price", "19.56"], ["image_url", "https://source.unsplash.com/250x250/?kitten?sig=<%=rand(1..50)%>"], ["created_at", "2022-06-07 09:25:51.699210"], ["updated_at", "2022-06-07 09:25:51.699210"]]
  ↳ db/seeds.rb:15
  [1m[35m (0.4ms)[0m  [1m[35mCOMMIT[0m
  ↳ db/seeds.rb:15
  [1m[35m (0.1ms)[0m  [1m[35mBEGIN[0m
  ↳ db/seeds.rb:15
  [1m[36mItem Create (0.3ms)[0m  [1m[32mINSERT INTO "items" ("title", "description", "price", "image_url", "created_at", "updated_at") VALUES ($1, $2, $3, $4, $5, $6) RETURNING "id"[0m  [["title", "Sir Loin"], ["description", "Emirates Feline Federation"], ["price", "34.93"], ["image_url", "https://source.unsplash.com/250x250/?kitten?sig=<%=rand(1..50)%>"], ["created_at", "2022-06-07 09:25:51.701805"], ["updated_at", "2022-06-07 09:25:51.701805"]]
  ↳ db/seeds.rb:15
  [1m[35m (0.4ms)[0m  [1m[35mCOMMIT[0m
  ↳ db/seeds.rb:15
  [1m[35m (0.1ms)[0m  [1m[35mBEGIN[0m
  ↳ db/seeds.rb:15
  [1m[36mItem Create (0.3ms)[0m  [1m[32mINSERT INTO "items" ("title", "description", "price", "image_url", "created_at", "updated_at") VALUES ($1, $2, $3, $4, $5, $6) RETURNING "id"[0m  [["title", "Felix"], ["description", "Emirates Feline Federation"], ["price", "55.23"], ["image_url", "https://source.unsplash.com/250x250/?kitten?sig=<%=rand(1..50)%>"], ["created_at", "2022-06-07 09:25:51.704487"], ["updated_at", "2022-06-07 09:25:51.704487"]]
  ↳ db/seeds.rb:15
  [1m[35m (0.4ms)[0m  [1m[35mCOMMIT[0m
  ↳ db/seeds.rb:15
  [1m[35m (0.6ms)[0m  [1m[35mBEGIN[0m
  ↳ db/seeds.rb:15
  [1m[36mItem Create (0.3ms)[0m  [1m[32mINSERT INTO "items" ("title", "description", "price", "image_url", "created_at", "updated_at") VALUES ($1, $2, $3, $4, $5, $6) RETURNING "id"[0m  [["title", "Charlie"], ["description", "Fancy Southern Africa Cat Council"], ["price", "32.99"], ["image_url", "https://source.unsplash.com/250x250/?kitten?sig=<%=rand(1..50)%>"], ["created_at", "2022-06-07 09:25:51.708884"], ["updated_at", "2022-06-07 09:25:51.708884"]]
  ↳ db/seeds.rb:15
  [1m[35m (0.4ms)[0m  [1m[35mCOMMIT[0m
  ↳ db/seeds.rb:15
  [1m[35m (0.2ms)[0m  [1m[35mBEGIN[0m
  ↳ db/seeds.rb:15
  [1m[36mItem Create (0.8ms)[0m  [1m[32mINSERT INTO "items" ("title", "description", "price", "image_url", "created_at", "updated_at") VALUES ($1, $2, $3, $4, $5, $6) RETURNING "id"[0m  [["title", "Chloe"], ["description", "Canadian Cat Association"], ["price", "51.65"], ["image_url", "https://source.unsplash.com/250x250/?kitten?sig=<%=rand(1..50)%>"], ["created_at", "2022-06-07 09:25:51.712049"], ["updated_at", "2022-06-07 09:25:51.712049"]]
  ↳ db/seeds.rb:15
  [1m[35m (0.4ms)[0m  [1m[35mCOMMIT[0m
  ↳ db/seeds.rb:15
  [1m[35m (0.1ms)[0m  [1m[35mBEGIN[0m
  ↳ db/seeds.rb:15
  [1m[36mItem Create (0.3ms)[0m  [1m[32mINSERT INTO "items" ("title", "description", "price", "image_url", "created_at", "updated_at") VALUES ($1, $2, $3, $4, $5, $6) RETURNING "id"[0m  [["title", "Sir Pounce-a-lot"], ["description", "Canadian Cat Association"], ["price", "65.01"], ["image_url", "https://source.unsplash.com/250x250/?kitten?sig=<%=rand(1..50)%>"], ["created_at", "2022-06-07 09:25:51.715447"], ["updated_at", "2022-06-07 09:25:51.715447"]]
  ↳ db/seeds.rb:15
  [1m[35m (1.1ms)[0m  [1m[35mCOMMIT[0m
  ↳ db/seeds.rb:15
  [1m[35m (1.4ms)[0m  [1m[35mBEGIN[0m
  ↳ db/seeds.rb:15
  [1m[36mItem Create (0.3ms)[0m  [1m[32mINSERT INTO "items" ("title", "description", "price", "image_url", "created_at", "updated_at") VALUES ($1, $2, $3, $4, $5, $6) RETURNING "id"[0m  [["title", "Katherine Belle"], ["description", "Governing Council of the Cat"], ["price", "61.48"], ["image_url", "https://source.unsplash.com/250x250/?kitten?sig=<%=rand(1..50)%>"], ["created_at", "2022-06-07 09:25:51.720328"], ["updated_at", "2022-06-07 09:25:51.720328"]]
  ↳ db/seeds.rb:15
  [1m[35m (0.5ms)[0m  [1m[35mCOMMIT[0m
  ↳ db/seeds.rb:15
  [1m[35m (0.1ms)[0m  [1m[35mBEGIN[0m
  ↳ db/seeds.rb:15
  [1m[36mItem Create (1.1ms)[0m  [1m[32mINSERT INTO "items" ("title", "description", "price", "image_url", "created_at", "updated_at") VALUES ($1, $2, $3, $4, $5, $6) RETURNING "id"[0m  [["title", "Alfie"], ["description", "Cat Fanciers' Association"], ["price", "13.02"], ["image_url", "https://source.unsplash.com/250x250/?kitten?sig=<%=rand(1..50)%>"], ["created_at", "2022-06-07 09:25:51.723646"], ["updated_at", "2022-06-07 09:25:51.723646"]]
  ↳ db/seeds.rb:15
  [1m[35m (0.4ms)[0m  [1m[35mCOMMIT[0m
  ↳ db/seeds.rb:15
  [1m[36mItem Load (1.7ms)[0m  [1m[34mSELECT "items".* FROM "items"[0m
